2026-03-06 18:03:22,321 WARNING ocr_api - Advertencia: no se pudieron crear/verificar tablas en startup: (psycopg2.OperationalError) connection to server at "localhost" (::1), port 5432 failed: fe_sendauth: no password supplied

(Background on this error at: https://sqlalche.me/e/20/e3q8)
2026-03-06 18:04:32,730 WARNING ocr_api - Advertencia: no se pudieron crear/verificar tablas en startup: (psycopg2.OperationalError) connection to server at "localhost" (::1), port 5432 failed: fe_sendauth: no password supplied

(Background on this error at: https://sqlalche.me/e/20/e3q8)
2026-03-06 18:08:15,762 WARNING ocr_api - Advertencia: no se pudieron crear/verificar tablas en startup: (psycopg2.OperationalError) connection to server at "localhost" (::1), port 5432 failed: fe_sendauth: no password supplied

(Background on this error at: https://sqlalche.me/e/20/e3q8)
2026-03-06 18:27:39,379 INFO ocr_api - Sistema de Base de Datos inicializado: Tablas verificadas/creadas.
2026-03-06 18:39:14,118 INFO ocr_api - Sistema de Base de Datos inicializado: Tablas verificadas/creadas.
2026-03-06 18:48:51,865 INFO ocr_api - Sistema de Base de Datos inicializado: Tablas verificadas/creadas.
2026-03-08 09:52:37,596 INFO ocr_api - Sistema de Base de Datos inicializado: Tablas verificadas/creadas.
2026-03-08 09:57:45,335 INFO ocr_api - Sistema de Base de Datos inicializado: Tablas verificadas/creadas.
2026-03-08 10:32:12,286 INFO ocr_api - Sistema de Base de Datos inicializado: Tablas verificadas/creadas.
2026-03-22 16:34:05,750 INFO ocr_api - Sistema de Base de Datos inicializado: Tablas verificadas/creadas.
2026-04-01 08:39:53,330 INFO ocr_api - Sistema de Base de Datos inicializado: Tablas verificadas/creadas.
2026-04-01 08:40:37,124 ERROR ocr_api - Fallo crítico en /subir-pago/
Traceback (most recent call last):
  File "C:\Users\NigherS\Documents\proyecto\.venv\Lib\site-packages\pytesseract\pytesseract.py", line 275, in run_tesseract
    proc = subprocess.Popen(cmd_args, **subprocess_args())
  File "C:\Users\NigherS\AppData\Local\Programs\Python\Python314\Lib\subprocess.py", line 1038, in __init__
    self._execute_child(args, executable, preexec_fn, close_fds,
    ~~~~~~~~~~~~~~~~~~~^^^^^^^^^^^^^^^^^^^^^^^^^^^^^^^^^^^^^^^^^
                        pass_fds, cwd, env,
                        ^^^^^^^^^^^^^^^^^^^
    ...<5 lines>...
                        gid, gids, uid, umask,
                        ^^^^^^^^^^^^^^^^^^^^^^
                        start_new_session, process_group)
                        ^^^^^^^^^^^^^^^^^^^^^^^^^^^^^^^^^
  File "C:\Users\NigherS\AppData\Local\Programs\Python\Python314\Lib\subprocess.py", line 1552, in _execute_child
    hp, ht, pid, tid = _winapi.CreateProcess(executable, args,
                       ~~~~~~~~~~~~~~~~~~~~~^^^^^^^^^^^^^^^^^^
                             # no special security
                             ^^^^^^^^^^^^^^^^^^^^^
    ...<4 lines>...
                             cwd,
                             ^^^^
                             startupinfo)
                             ^^^^^^^^^^^^
FileNotFoundError: [WinError 2] El sistema no puede encontrar el archivo especificado

During handling of the above exception, another exception occurred:

Traceback (most recent call last):
  File "C:\Users\NigherS\Documents\proyecto\main.py", line 376, in subir_pago
    resultado = ocr_engine.procesar_imagen(filepath)
  File "C:\Users\NigherS\Documents\proyecto\ocr_engine.py", line 89, in procesar_imagen
    texto_completo = pytesseract.image_to_string(gray_initial, config='--psm 6')
  File "C:\Users\NigherS\Documents\proyecto\.venv\Lib\site-packages\pytesseract\pytesseract.py", line 486, in image_to_string
    return {
           ~
    ...<2 lines>...
        Output.STRING: lambda: run_and_get_output(*args),
        ~~~~~~~~~~~~~~~~~~~~~~~~~~~~~~~~~~~~~~~~~~~~~~~~~
    }[output_type]()
    ~~~~~~~~~~~~~~^^
  File "C:\Users\NigherS\Documents\proyecto\.venv\Lib\site-packages\pytesseract\pytesseract.py", line 489, in <lambda>
    Output.STRING: lambda: run_and_get_output(*args),
                           ~~~~~~~~~~~~~~~~~~^^^^^^^
  File "C:\Users\NigherS\Documents\proyecto\.venv\Lib\site-packages\pytesseract\pytesseract.py", line 352, in run_and_get_output
    run_tesseract(**kwargs)
    ~~~~~~~~~~~~~^^^^^^^^^^
  File "C:\Users\NigherS\Documents\proyecto\.venv\Lib\site-packages\pytesseract\pytesseract.py", line 280, in run_tesseract
    raise TesseractNotFoundError()
pytesseract.pytesseract.TesseractNotFoundError: tesseract is not installed or it's not in your PATH. See README file for more information.

2026-04-01 08:40:43,727 ERROR ocr_api - Fallo crítico en /subir-pago/
Traceback (most recent call last):
  File "C:\Users\NigherS\Documents\proyecto\.venv\Lib\site-packages\pytesseract\pytesseract.py", line 275, in run_tesseract
    proc = subprocess.Popen(cmd_args, **subprocess_args())
  File "C:\Users\NigherS\AppData\Local\Programs\Python\Python314\Lib\subprocess.py", line 1038, in __init__
    self._execute_child(args, executable, preexec_fn, close_fds,
    ~~~~~~~~~~~~~~~~~~~^^^^^^^^^^^^^^^^^^^^^^^^^^^^^^^^^^^^^^^^^
                        pass_fds, cwd, env,
                        ^^^^^^^^^^^^^^^^^^^
    ...<5 lines>...
                        gid, gids, uid, umask,
                        ^^^^^^^^^^^^^^^^^^^^^^
                        start_new_session, process_group)
                        ^^^^^^^^^^^^^^^^^^^^^^^^^^^^^^^^^
  File "C:\Users\NigherS\AppData\Local\Programs\Python\Python314\Lib\subprocess.py", line 1552, in _execute_child
    hp, ht, pid, tid = _winapi.CreateProcess(executable, args,
                       ~~~~~~~~~~~~~~~~~~~~~^^^^^^^^^^^^^^^^^^
                             # no special security
                             ^^^^^^^^^^^^^^^^^^^^^
    ...<4 lines>...
                             cwd,
                             ^^^^
                             startupinfo)
                             ^^^^^^^^^^^^
FileNotFoundError: [WinError 2] El sistema no puede encontrar el archivo especificado

During handling of the above exception, another exception occurred:

Traceback (most recent call last):
  File "C:\Users\NigherS\Documents\proyecto\main.py", line 376, in subir_pago
    resultado = ocr_engine.procesar_imagen(filepath)
  File "C:\Users\NigherS\Documents\proyecto\ocr_engine.py", line 89, in procesar_imagen
    texto_completo = pytesseract.image_to_string(gray_initial, config='--psm 6')
  File "C:\Users\NigherS\Documents\proyecto\.venv\Lib\site-packages\pytesseract\pytesseract.py", line 486, in image_to_string
    return {
           ~
    ...<2 lines>...
        Output.STRING: lambda: run_and_get_output(*args),
        ~~~~~~~~~~~~~~~~~~~~~~~~~~~~~~~~~~~~~~~~~~~~~~~~~
    }[output_type]()
    ~~~~~~~~~~~~~~^^
  File "C:\Users\NigherS\Documents\proyecto\.venv\Lib\site-packages\pytesseract\pytesseract.py", line 489, in <lambda>
    Output.STRING: lambda: run_and_get_output(*args),
                           ~~~~~~~~~~~~~~~~~~^^^^^^^
  File "C:\Users\NigherS\Documents\proyecto\.venv\Lib\site-packages\pytesseract\pytesseract.py", line 352, in run_and_get_output
    run_tesseract(**kwargs)
    ~~~~~~~~~~~~~^^^^^^^^^^
  File "C:\Users\NigherS\Documents\proyecto\.venv\Lib\site-packages\pytesseract\pytesseract.py", line 280, in run_tesseract
    raise TesseractNotFoundError()
pytesseract.pytesseract.TesseractNotFoundError: tesseract is not installed or it's not in your PATH. See README file for more information.

2026-04-01 08:41:18,308 ERROR ocr_api - Fallo crítico en /subir-pago/
Traceback (most recent call last):
  File "C:\Users\NigherS\Documents\proyecto\.venv\Lib\site-packages\pytesseract\pytesseract.py", line 275, in run_tesseract
    proc = subprocess.Popen(cmd_args, **subprocess_args())
  File "C:\Users\NigherS\AppData\Local\Programs\Python\Python314\Lib\subprocess.py", line 1038, in __init__
    self._execute_child(args, executable, preexec_fn, close_fds,
    ~~~~~~~~~~~~~~~~~~~^^^^^^^^^^^^^^^^^^^^^^^^^^^^^^^^^^^^^^^^^
                        pass_fds, cwd, env,
                        ^^^^^^^^^^^^^^^^^^^
    ...<5 lines>...
                        gid, gids, uid, umask,
                        ^^^^^^^^^^^^^^^^^^^^^^
                        start_new_session, process_group)
                        ^^^^^^^^^^^^^^^^^^^^^^^^^^^^^^^^^
  File "C:\Users\NigherS\AppData\Local\Programs\Python\Python314\Lib\subprocess.py", line 1552, in _execute_child
    hp, ht, pid, tid = _winapi.CreateProcess(executable, args,
                       ~~~~~~~~~~~~~~~~~~~~~^^^^^^^^^^^^^^^^^^
                             # no special security
                             ^^^^^^^^^^^^^^^^^^^^^
    ...<4 lines>...
                             cwd,
                             ^^^^
                             startupinfo)
                             ^^^^^^^^^^^^
FileNotFoundError: [WinError 2] El sistema no puede encontrar el archivo especificado

During handling of the above exception, another exception occurred:

Traceback (most recent call last):
  File "C:\Users\NigherS\Documents\proyecto\main.py", line 376, in subir_pago
    resultado = ocr_engine.procesar_imagen(filepath)
  File "C:\Users\NigherS\Documents\proyecto\ocr_engine.py", line 89, in procesar_imagen
    texto_completo = pytesseract.image_to_string(gray_initial, config='--psm 6')
  File "C:\Users\NigherS\Documents\proyecto\.venv\Lib\site-packages\pytesseract\pytesseract.py", line 486, in image_to_string
    return {
           ~
    ...<2 lines>...
        Output.STRING: lambda: run_and_get_output(*args),
        ~~~~~~~~~~~~~~~~~~~~~~~~~~~~~~~~~~~~~~~~~~~~~~~~~
    }[output_type]()
    ~~~~~~~~~~~~~~^^
  File "C:\Users\NigherS\Documents\proyecto\.venv\Lib\site-packages\pytesseract\pytesseract.py", line 489, in <lambda>
    Output.STRING: lambda: run_and_get_output(*args),
                           ~~~~~~~~~~~~~~~~~~^^^^^^^
  File "C:\Users\NigherS\Documents\proyecto\.venv\Lib\site-packages\pytesseract\pytesseract.py", line 352, in run_and_get_output
    run_tesseract(**kwargs)
    ~~~~~~~~~~~~~^^^^^^^^^^
  File "C:\Users\NigherS\Documents\proyecto\.venv\Lib\site-packages\pytesseract\pytesseract.py", line 280, in run_tesseract
    raise TesseractNotFoundError()
pytesseract.pytesseract.TesseractNotFoundError: tesseract is not installed or it's not in your PATH. See README file for more information.

2026-04-01 08:49:43,176 INFO ocr_api - Sistema de Base de Datos inicializado: Tablas verificadas/creadas.
2026-04-01 08:49:46,720 INFO ocr_api - Sistema de Base de Datos inicializado: Tablas verificadas/creadas.
2026-04-01 08:50:06,157 ERROR ocr_api - Error crítico: Tesseract OCR no está instalado o configurado.
2026-04-01 08:58:28,317 INFO ocr_api - Sistema de Base de Datos inicializado: Tablas verificadas/creadas.
2026-04-01 08:58:39,100 ERROR ocr_api - Error crítico: Tesseract OCR no está instalado o configurado.
2026-04-01 09:21:49,210 INFO ocr_api - Sistema de Base de Datos inicializado: Tablas verificadas/creadas.
2026-04-01 09:26:27,663 INFO ocr_api - Sistema de Base de Datos inicializado: Tablas verificadas/creadas.
2026-04-01 09:27:55,657 INFO ocr_api - Sistema de Base de Datos inicializado: Tablas verificadas/creadas.
2026-04-01 09:40:47,694 INFO ocr_api - Sistema de Base de Datos inicializado: Tablas verificadas/creadas.
2026-04-01 12:24:43,593 INFO ocr_api - Sistema de Base de Datos inicializado: Tablas verificadas/creadas.
2026-04-01 12:37:29,072 INFO ocr_api - Sistema de Base de Datos inicializado: Tablas verificadas/creadas.
2026-04-01 12:58:16,295 INFO ocr_api - Sistema de Base de Datos inicializado: Tablas verificadas/creadas.
2026-04-01 13:07:42,868 INFO ocr_api - Sistema de Base de Datos inicializado: Tablas verificadas/creadas.
2026-04-01 13:08:24,209 INFO ocr_api - Sistema de Base de Datos inicializado: Tablas verificadas/creadas.
2026-04-01 13:12:48,273 ERROR ocr_api - Error consultando BCV: Monitor.__init__() missing 1 required positional argument: 'provider'. Intentando fallback desde BD...
2026-04-01 13:25:10,905 INFO ocr_api - Sistema de Base de Datos inicializado: Tablas verificadas/creadas.
2026-04-01 13:26:44,990 INFO ocr_api - Sistema de Base de Datos inicializado: Tablas verificadas/creadas.
2026-04-01 13:33:10,970 INFO ocr_api - Sistema de Base de Datos inicializado: Tablas verificadas/creadas.
2026-04-01 13:40:20,050 INFO ocr_api - ✅ Sistema de Base de Datos inicializado: Tablas verificadas.
2026-04-01 13:40:40,043 ERROR ocr_api - Error consultando BCV: Monitor.__init__() missing 1 required positional argument: 'provider'. Intentando fallback desde BD...
2026-04-01 13:40:45,409 ERROR ocr_api - Error consultando BCV: Monitor.__init__() missing 1 required positional argument: 'provider'. Intentando fallback desde BD...
2026-04-01 13:45:28,347 INFO ocr_api - ✅ Sistema de Base de Datos inicializado: Tablas verificadas.
2026-04-01 13:45:35,769 INFO ocr_api - ✅ Sistema de Base de Datos inicializado: Tablas verificadas.
2026-04-01 13:46:35,184 INFO ocr_api - Sistema de Base de Datos inicializado: Tablas verificadas.
2026-04-01 13:46:57,268 INFO ocr_api - Sistema de Base de Datos inicializado: Tablas verificadas.
2026-04-01 13:47:01,890 INFO ocr_api - Sistema de Base de Datos inicializado: Tablas verificadas.
2026-04-01 13:47:39,929 INFO ocr_api - Sistema de Base de Datos inicializado: Tablas verificadas.
2026-04-01 13:53:09,165 INFO ocr_api - Sistema de Base de Datos inicializado: Tablas verificadas.
2026-04-01 14:16:59,793 INFO ocr_api - Sistema de Base de Datos inicializado: Tablas verificadas.
2026-04-01 14:18:48,619 ERROR ocr_api - Error consultando BCV: pyDolarVenezuela Bcv provider no disponible. Intentando fallback desde BD...
2026-04-01 14:20:00,142 ERROR ocr_api - Error consultando BCV: pyDolarVenezuela Bcv provider no disponible. Intentando fallback desde BD...
2026-04-01 14:20:00,163 ERROR ocr_api - Fallo crítico en /subir-pago/
Traceback (most recent call last):
  File "C:\Users\NigherS\Documents\proyecto\main.py", line 489, in subir_pago
    nuevo_pago = models.Pago(
        referencia=ref_ocr,
    ...<7 lines>...
        monto_usd=monto_usd_calc
    )
  File "<string>", line 4, in __init__
  File "C:\Users\NigherS\Documents\proyecto\.venv\Lib\site-packages\sqlalchemy\orm\state.py", line 596, in _initialize_instance
    with util.safe_reraise():
         ~~~~~~~~~~~~~~~~~^^
  File "C:\Users\NigherS\Documents\proyecto\.venv\Lib\site-packages\sqlalchemy\util\langhelpers.py", line 121, in __exit__
    raise exc_value.with_traceback(exc_tb)
  File "C:\Users\NigherS\Documents\proyecto\.venv\Lib\site-packages\sqlalchemy\orm\state.py", line 594, in _initialize_instance
    manager.original_init(*mixed[1:], **kwargs)
    ~~~~~~~~~~~~~~~~~~~~~^^^^^^^^^^^^^^^^^^^^^^
  File "C:\Users\NigherS\Documents\proyecto\.venv\Lib\site-packages\sqlalchemy\orm\decl_base.py", line 2179, in _declarative_constructor
    raise TypeError(
        "%r is an invalid keyword argument for %s" % (k, cls_.__name__)
    )
TypeError: 'tasa_cambio' is an invalid keyword argument for Pago

2026-04-01 14:20:26,695 INFO ocr_api - Sistema de Base de Datos inicializado: Tablas verificadas.
2026-04-01 14:20:43,036 ERROR ocr_api - Error consultando BCV: pyDolarVenezuela Bcv provider no disponible. Intentando fallback desde BD...
2026-04-01 14:20:43,043 ERROR ocr_api - Fallo crítico en /subir-pago/
Traceback (most recent call last):
  File "C:\Users\NigherS\Documents\proyecto\main.py", line 489, in subir_pago
    nuevo_pago = models.Pago(
        referencia=ref_ocr,
    ...<7 lines>...
        monto_usd=monto_usd_calc
    )
  File "<string>", line 4, in __init__
  File "C:\Users\NigherS\Documents\proyecto\.venv\Lib\site-packages\sqlalchemy\orm\state.py", line 596, in _initialize_instance
    with util.safe_reraise():
         ~~~~~~~~~~~~~~~~~^^
  File "C:\Users\NigherS\Documents\proyecto\.venv\Lib\site-packages\sqlalchemy\util\langhelpers.py", line 121, in __exit__
    raise exc_value.with_traceback(exc_tb)
  File "C:\Users\NigherS\Documents\proyecto\.venv\Lib\site-packages\sqlalchemy\orm\state.py", line 594, in _initialize_instance
    manager.original_init(*mixed[1:], **kwargs)
    ~~~~~~~~~~~~~~~~~~~~~^^^^^^^^^^^^^^^^^^^^^^
  File "C:\Users\NigherS\Documents\proyecto\.venv\Lib\site-packages\sqlalchemy\orm\decl_base.py", line 2179, in _declarative_constructor
    raise TypeError(
        "%r is an invalid keyword argument for %s" % (k, cls_.__name__)
    )
TypeError: 'tasa_cambio' is an invalid keyword argument for Pago

2026-04-01 14:21:46,400 INFO ocr_api - Sistema de Base de Datos inicializado: Tablas verificadas.
2026-04-01 14:23:20,068 INFO ocr_api - Sistema de Base de Datos inicializado: Tablas verificadas.
2026-04-01 14:23:35,545 ERROR ocr_api - Error consultando BCV: pyDolarVenezuela Bcv provider no disponible. Intentando fallback desde BD...
2026-04-01 14:25:33,218 INFO ocr_api - Sistema de Base de Datos inicializado: Tablas verificadas.
2026-04-01 14:25:56,631 INFO ocr_api - Sistema de Base de Datos inicializado: Tablas verificadas.
2026-04-01 14:26:02,005 ERROR ocr_api - Error consultando BCV: pyDolarVenezuela Bcv provider no disponible. Intentando fallback desde BD...
2026-04-01 14:26:05,612 WARNING ocr_api - No se pudo obtener la tasa desde DolarToday: 404 Client Error: Not Found for url: https://s3.amazonaws.com/dolartoday/data.json
2026-04-01 14:26:38,689 INFO ocr_api - Sistema de Base de Datos inicializado: Tablas verificadas.
2026-04-01 14:26:44,306 ERROR ocr_api - Error consultando BCV: pyDolarVenezuela Bcv provider no disponible. Intentando fallback desde BD...
2026-04-01 14:26:45,463 WARNING ocr_api - No se pudo obtener la tasa desde DolarToday: 404 Client Error: Not Found for url: https://s3.amazonaws.com/dolartoday/data.json
2026-04-01 14:26:45,469 ERROR ocr_api - Error consultando BCV: pyDolarVenezuela Bcv provider no disponible. Intentando fallback desde BD...
2026-04-01 14:26:46,486 WARNING ocr_api - No se pudo obtener la tasa desde DolarToday: 404 Client Error: Not Found for url: https://s3.amazonaws.com/dolartoday/data.json
2026-04-01 14:26:59,353 INFO ocr_api - Sistema de Base de Datos inicializado: Tablas verificadas.
2026-04-01 14:27:09,710 INFO ocr_api - Sistema de Base de Datos inicializado: Tablas verificadas.
2026-04-01 14:27:15,463 ERROR ocr_api - Error consultando BCV: pyDolarVenezuela Bcv provider no disponible. Intentando fallback desde BD...
2026-04-01 14:27:15,471 ERROR ocr_api - Error consultando BCV: pyDolarVenezuela Bcv provider no disponible. Intentando fallback desde BD...
2026-04-01 14:29:06,444 INFO ocr_api - Sistema de Base de Datos inicializado: Tablas verificadas.
2026-04-01 14:29:25,128 ERROR ocr_api - Error consultando BCV: pyDolarVenezuela Bcv provider no disponible. Intentando fallback desde BD...
2026-04-01 14:32:27,912 INFO ocr_api - Sistema de Base de Datos inicializado: Tablas verificadas.
2026-04-01 14:33:21,506 INFO ocr_api - Sistema de Base de Datos inicializado: Tablas verificadas.
2026-04-01 14:33:59,933 INFO ocr_api - Sistema de Base de Datos inicializado: Tablas verificadas.
2026-04-01 14:37:45,820 INFO ocr_api - Sistema de Base de Datos inicializado: Tablas verificadas.
2026-04-01 14:48:33,732 INFO ocr_api - Sistema de Base de Datos inicializado: Tablas verificadas.
2026-04-01 14:48:41,069 INFO ocr_api - Sistema de Base de Datos inicializado: Tablas verificadas.
2026-04-01 14:48:49,168 INFO ocr_api - Sistema de Base de Datos inicializado: Tablas verificadas.
2026-04-01 14:49:00,518 INFO ocr_api - Sistema de Base de Datos inicializado: Tablas verificadas.
2026-04-01 14:50:05,810 INFO ocr_api - Sistema de Base de Datos inicializado: Tablas verificadas.
2026-04-01 14:51:04,923 INFO ocr_api - Sistema de Base de Datos inicializado: Tablas verificadas.
2026-04-01 14:51:47,786 INFO ocr_api - Sistema de Base de Datos inicializado: Tablas verificadas.
2026-04-01 14:56:30,474 INFO ocr_api - Sistema de Base de Datos inicializado: Tablas verificadas.
2026-04-01 14:57:03,359 INFO ocr_api - Sistema de Base de Datos inicializado: Tablas verificadas.
2026-04-01 15:00:00,763 INFO ocr_api - Sistema de Base de Datos inicializado: Tablas verificadas.
2026-04-01 15:00:13,402 INFO ocr_api - Sistema de Base de Datos inicializado: Tablas verificadas.
2026-04-01 15:00:57,447 INFO ocr_api - Sistema de Base de Datos inicializado: Tablas verificadas.
2026-04-01 15:01:46,493 INFO ocr_api - Sistema de Base de Datos inicializado: Tablas verificadas.
2026-04-01 15:03:08,431 INFO ocr_api - Sistema de Base de Datos inicializado: Tablas verificadas.
2026-04-01 15:04:27,944 INFO ocr_api - Sistema de Base de Datos inicializado: Tablas verificadas.
2026-04-01 15:04:42,192 INFO ocr_api - Sistema de Base de Datos inicializado: Tablas verificadas.
2026-04-01 15:04:51,950 INFO ocr_api - Sistema de Base de Datos inicializado: Tablas verificadas.
2026-04-01 15:05:20,063 INFO ocr_api - Sistema de Base de Datos inicializado: Tablas verificadas.
2026-04-01 15:07:21,017 INFO ocr_api - Sistema de Base de Datos inicializado: Tablas verificadas.
2026-04-01 15:34:14,473 INFO ocr_api - Sistema de Base de Datos inicializado: Tablas verificadas.
2026-04-03 21:40:34,319 INFO ocr_api - Sistema de Base de Datos inicializado: Tablas verificadas.
2026-04-03 21:54:52,750 INFO ocr_api - Sistema de Base de Datos inicializado: Tablas verificadas.
2026-04-04 10:18:58,605 INFO ocr_api - Sistema de Base de Datos inicializado: Tablas verificadas.
2026-04-05 16:11:06,557 INFO ocr_api - Sistema de Base de Datos inicializado: Tablas verificadas.
2026-04-05 17:46:33,904 INFO ocr_api - Sistema de Base de Datos inicializado: Tablas verificadas.
2026-04-05 19:47:55,323 INFO ocr_api - Sistema de Base de Datos inicializado: Tablas verificadas.
2026-04-05 19:58:32,639 INFO ocr_api - Sistema de Base de Datos inicializado: Tablas verificadas.
2026-04-05 19:59:27,008 INFO ocr_api - Sistema de Base de Datos inicializado: Tablas verificadas.
2026-04-05 20:25:51,828 INFO ocr_api - Sistema de Base de Datos inicializado: Tablas verificadas.
2026-04-05 20:48:37,201 INFO ocr_api - Sistema de Base de Datos inicializado: Tablas verificadas.
2026-04-05 21:20:19,121 INFO ocr_api - Sistema de Base de Datos inicializado: Tablas verificadas.
2026-04-06 08:39:46,670 INFO ocr_api - Sistema de Base de Datos inicializado: Tablas verificadas.
2026-04-06 08:41:54,042 INFO ocr_api - Sistema de Base de Datos inicializado: Tablas verificadas.
2026-04-06 10:35:11,823 INFO ocr_api - Sistema de Base de Datos inicializado: Tablas verificadas.
2026-04-06 10:35:11,823 INFO ocr_api - 🚀 [SISTEMA] Arquitectura OCR: RapidOCR (Motor Único)
2026-04-06 10:35:28,784 INFO ocr_api - Sistema de Base de Datos inicializado: Tablas verificadas.
2026-04-06 10:35:28,784 INFO ocr_api - 🚀 [SISTEMA] Arquitectura OCR: RapidOCR (Motor Único)
2026-04-06 10:42:09,075 INFO ocr_api - Sistema de Base de Datos inicializado: Tablas verificadas.
2026-04-06 10:42:09,075 INFO ocr_api - 🚀 [SISTEMA] Arquitectura OCR: RapidOCR (Motor Único)
2026-04-06 10:43:30,308 INFO ocr_api - Sistema de Base de Datos inicializado: Tablas verificadas.
2026-04-06 10:43:30,308 INFO ocr_api - 🚀 [SISTEMA] Arquitectura OCR: RapidOCR (Motor Único)
2026-04-06 10:45:51,930 INFO ocr_api - Sistema de Base de Datos inicializado: Tablas verificadas.
2026-04-06 10:45:51,930 INFO ocr_api - 🚀 [SISTEMA] Arquitectura OCR: RapidOCR (Motor Único)
2026-04-06 10:48:31,389 INFO ocr_api - Sistema de Base de Datos inicializado: Tablas verificadas.
2026-04-06 10:48:31,390 INFO ocr_api - 🚀 [SISTEMA] Arquitectura OCR: RapidOCR (Motor Único)
2026-04-06 10:48:39,658 INFO ocr_api - Sistema de Base de Datos inicializado: Tablas verificadas.
2026-04-06 10:48:39,660 INFO ocr_api - 🚀 [SISTEMA] Arquitectura OCR: RapidOCR (Motor Único)
2026-04-06 10:49:20,180 INFO ocr_api - Sistema de Base de Datos inicializado: Tablas verificadas.
2026-04-06 10:49:20,181 INFO ocr_api - 🚀 [SISTEMA] Arquitectura OCR: RapidOCR (Motor Único)
2026-04-06 10:56:29,551 INFO ocr_api - Sistema de Base de Datos inicializado: Tablas verificadas.
2026-04-06 10:56:29,552 INFO ocr_api - 🚀 [SISTEMA] Arquitectura OCR: RapidOCR (Motor Único)
2026-04-06 18:14:36,359 INFO ocr_api - Sistema de Base de Datos inicializado: Tablas verificadas.
2026-04-06 18:14:36,359 INFO ocr_api - 🚀 [SISTEMA] Arquitectura OCR: RapidOCR (Motor Único)
2026-04-06 18:22:25,050 INFO ocr_api - Sistema de Base de Datos inicializado: Tablas verificadas.
2026-04-06 18:22:25,051 INFO ocr_api - 🚀 [SISTEMA] Arquitectura OCR: RapidOCR (Motor Único)
2026-04-06 18:23:35,118 INFO ocr_api - Sistema de Base de Datos inicializado: Tablas verificadas.
2026-04-06 18:23:35,118 INFO ocr_api - 🚀 [SISTEMA] Arquitectura OCR: RapidOCR (Motor Único)
2026-04-06 19:49:13,416 INFO ocr_api - Sistema de Base de Datos inicializado: Tablas verificadas.
2026-04-06 19:49:13,417 INFO ocr_api - 🚀 [SISTEMA] Arquitectura OCR: RapidOCR (Motor Único)
2026-04-06 22:26:53,935 INFO ocr_api - Sistema de Base de Datos inicializado: Tablas verificadas.
2026-04-06 22:26:53,936 INFO ocr_api - 🚀 [SISTEMA] Arquitectura OCR: RapidOCR (Motor Único)
2026-04-07 15:47:40,705 INFO ocr_api - Sistema de Base de Datos inicializado: Tablas verificadas.
2026-04-07 15:47:40,706 INFO ocr_api - 🚀 [SISTEMA] Arquitectura OCR: RapidOCR (Motor Único)
2026-04-07 16:14:32,723 INFO ocr_api - Sistema de Base de Datos inicializado: Tablas verificadas.
2026-04-07 16:14:32,724 INFO ocr_api - 🚀 [SISTEMA] Arquitectura OCR: RapidOCR (Motor Único)
2026-04-07 16:40:57,524 INFO ocr_api - Sistema de Base de Datos inicializado: Tablas verificadas.
2026-04-07 16:40:57,524 INFO ocr_api - 🚀 [SISTEMA] Arquitectura OCR: RapidOCR (Motor Único)
2026-04-07 16:55:19,999 INFO ocr_api - Sistema de Base de Datos inicializado: Tablas verificadas.
2026-04-07 16:55:20,000 INFO ocr_api - 🚀 [SISTEMA] Arquitectura OCR: RapidOCR (Motor Único)
2026-04-07 17:15:49,234 INFO ocr_api - Sistema de Base de Datos inicializado: Tablas verificadas.
2026-04-07 17:15:49,235 INFO ocr_api - 🚀 [SISTEMA] Arquitectura OCR: RapidOCR (Motor Único)
2026-04-07 17:34:45,810 INFO ocr_api - Sistema de Base de Datos inicializado: Tablas verificadas.
2026-04-07 17:34:45,810 INFO ocr_api - 🚀 [SISTEMA] Arquitectura OCR: RapidOCR (Motor Único)
2026-04-07 17:56:16,627 INFO ocr_api - Sistema de Base de Datos inicializado: Tablas verificadas.
2026-04-07 17:56:16,629 INFO ocr_api - 🚀 [SISTEMA] Arquitectura OCR: RapidOCR (Motor Único)
2026-04-07 18:25:40,076 INFO ocr_api - Sistema de Base de Datos inicializado: Tablas verificadas.
2026-04-07 18:25:40,077 INFO ocr_api - 🚀 [SISTEMA] Arquitectura OCR: RapidOCR (Motor Único)
